[2022-10-26T15:57:35.687] [DEBUG] cheese - login => username:zs,password:123456
[2022-10-26T15:57:35.688] [DEBUG] cheese - zs
[2022-10-26T15:57:35.698] [DEBUG] cheese - null
[2022-10-26T15:57:35.698] [DEBUG] cheese - null
[2022-10-26T15:59:24.826] [DEBUG] cheese - login => username:admin,password:123456
[2022-10-26T15:59:24.826] [DEBUG] cheese - admin
[2022-10-26T15:59:24.834] [DEBUG] cheese - null
[2022-10-26T15:59:24.834] [DEBUG] cheese - null
[2022-10-26T16:01:52.629] [DEBUG] cheese - login => username:zce

,password:123456
[2022-10-26T16:01:52.629] [DEBUG] cheese - zce


[2022-10-26T16:01:52.631] [DEBUG] cheese - null
[2022-10-26T16:01:52.631] [DEBUG] cheese - null
[2022-10-26T16:02:48.349] [DEBUG] cheese - login => username:linken
,password:123456
[2022-10-26T16:02:48.349] [DEBUG] cheese - linken

[2022-10-26T16:02:48.351] [DEBUG] cheese - null
[2022-10-26T16:02:48.351] [DEBUG] cheese - null
[2022-10-26T16:03:27.261] [DEBUG] cheese - login => username:admin
,password:123456
[2022-10-26T16:03:27.261] [DEBUG] cheese - admin

[2022-10-26T16:03:27.264] [DEBUG] cheese - null
[2022-10-26T16:03:27.264] [DEBUG] cheese - null
[2022-10-26T16:03:37.394] [DEBUG] cheese - login => username:admin,password:123456
[2022-10-26T16:03:37.394] [DEBUG] cheese - admin
[2022-10-26T16:03:37.400] [DEBUG] cheese - null
[2022-10-26T16:03:37.400] [DEBUG] cheese - null
[2022-10-26T16:03:48.255] [DEBUG] cheese - login => username:linken,password:123456
[2022-10-26T16:03:48.255] [DEBUG] cheese - linken
[2022-10-26T16:03:48.257] [DEBUG] cheese - null
[2022-10-26T16:03:48.257] [DEBUG] cheese - null
[2022-10-26T16:03:56.666] [DEBUG] cheese - login => username:admin,password:123456
[2022-10-26T16:03:56.666] [DEBUG] cheese - admin
[2022-10-26T16:03:56.669] [DEBUG] cheese - null
[2022-10-26T16:03:56.669] [DEBUG] cheese - null
[2022-10-31T11:14:14.132] [DEBUG] cheese - login => username:admin,password:123456
[2022-10-31T11:14:14.133] [DEBUG] cheese - admin
[2022-10-31T11:14:14.144] [DEBUG] cheese - null
[2022-10-31T11:14:14.145] [DEBUG] cheese - null
[2022-10-31T11:17:18.276] [DEBUG] cheese - login => username:admin,password:123456
[2022-10-31T11:17:18.276] [DEBUG] cheese - admin
[2022-10-31T11:17:18.279] [DEBUG] cheese - null
[2022-10-31T11:17:18.279] [DEBUG] cheese - null
[2022-10-31T11:23:00.286] [DEBUG] cheese - login => username:admin,password:123456
[2022-10-31T11:23:00.287] [DEBUG] cheese - admin
[2022-10-31T11:23:00.290] [DEBUG] cheese - null
[2022-10-31T11:23:00.290] [DEBUG] cheese - null
[2022-10-31T11:25:51.991] [DEBUG] cheese - login => username:admin,password:123456
[2022-10-31T11:25:51.991] [DEBUG] cheese - admin
[2022-10-31T11:25:51.994] [DEBUG] cheese - null
[2022-10-31T11:25:51.994] [DEBUG] cheese - null
[2022-10-31T11:27:34.246] [DEBUG] cheese - login => username:admin,password:123456
[2022-10-31T11:27:34.246] [DEBUG] cheese - admin
[2022-10-31T11:27:34.248] [DEBUG] cheese - null
[2022-10-31T11:27:34.249] [DEBUG] cheese - null
[2022-10-31T11:27:44.912] [DEBUG] cheese - login => username:admi,password:123456
[2022-10-31T11:27:44.912] [DEBUG] cheese - admi
[2022-10-31T11:27:44.915] [DEBUG] cheese - null
[2022-10-31T11:27:44.915] [DEBUG] cheese - null
[2022-10-31T11:32:06.231] [DEBUG] cheese - login => username:admi,password:123456
[2022-10-31T11:32:06.231] [DEBUG] cheese - admi
[2022-10-31T11:32:06.233] [DEBUG] cheese - null
[2022-10-31T11:32:06.234] [DEBUG] cheese - null
[2022-10-31T11:33:30.019] [DEBUG] cheese - login => username:admin,password:123456
[2022-10-31T11:33:30.019] [DEBUG] cheese - admin
[2022-10-31T11:33:30.022] [DEBUG] cheese - null
[2022-10-31T11:33:30.022] [DEBUG] cheese - null
[2022-10-31T11:35:04.460] [DEBUG] cheese - login => username:admi,password:123456
[2022-10-31T11:35:04.460] [DEBUG] cheese - admi
[2022-10-31T11:35:04.464] [DEBUG] cheese - null
[2022-10-31T11:35:04.464] [DEBUG] cheese - null
[2022-10-31T11:35:36.580] [DEBUG] cheese - login => username:admi,password:123456
[2022-10-31T11:35:36.580] [DEBUG] cheese - admi
[2022-10-31T11:35:36.582] [DEBUG] cheese - null
[2022-10-31T11:35:36.582] [DEBUG] cheese - null
[2022-10-31T11:35:40.134] [DEBUG] cheese - login => username:admin,password:123456
[2022-10-31T11:35:40.135] [DEBUG] cheese - admin
[2022-10-31T11:35:40.138] [DEBUG] cheese - null
[2022-10-31T11:35:40.138] [DEBUG] cheese - null
[2022-10-31T12:44:13.298] [DEBUG] cheese - login => username:admin,password:123456
[2022-10-31T12:44:13.298] [DEBUG] cheese - admin
[2022-10-31T12:44:13.300] [DEBUG] cheese - null
[2022-10-31T12:44:13.300] [DEBUG] cheese - null
[2022-10-31T12:44:20.615] [DEBUG] cheese - login => username:admi,password:123456
[2022-10-31T12:44:20.616] [DEBUG] cheese - admi
[2022-10-31T12:44:20.618] [DEBUG] cheese - null
[2022-10-31T12:44:20.618] [DEBUG] cheese - null
[2022-10-31T12:44:27.177] [DEBUG] cheese - login => username:admia,password:123456
[2022-10-31T12:44:27.177] [DEBUG] cheese - admia
[2022-10-31T12:44:27.180] [DEBUG] cheese - null
[2022-10-31T12:44:27.181] [DEBUG] cheese - null
[2022-10-31T12:44:37.273] [DEBUG] cheese - login => username:admia,password:123456
[2022-10-31T12:44:37.273] [DEBUG] cheese - admia
[2022-10-31T12:44:37.275] [DEBUG] cheese - null
[2022-10-31T12:44:37.275] [DEBUG] cheese - null
[2022-10-31T12:50:27.585] [DEBUG] cheese - login => username:admi,password:123456
[2022-10-31T12:50:27.585] [DEBUG] cheese - admi
[2022-10-31T12:50:27.587] [DEBUG] cheese - null
[2022-10-31T12:50:27.587] [DEBUG] cheese - null
[2022-10-31T12:50:35.996] [DEBUG] cheese - login => username:admi,password:123456
[2022-10-31T12:50:35.997] [DEBUG] cheese - admi
[2022-10-31T12:50:35.998] [DEBUG] cheese - null
[2022-10-31T12:50:35.998] [DEBUG] cheese - null
[2022-10-31T12:50:54.346] [DEBUG] cheese - login => username:adm,password:123456
[2022-10-31T12:50:54.347] [DEBUG] cheese - adm
[2022-10-31T12:50:54.349] [DEBUG] cheese - null
[2022-10-31T12:50:54.349] [DEBUG] cheese - null
[2022-10-31T12:51:28.309] [DEBUG] cheese - login => username:admin,password:123456
[2022-10-31T12:51:28.309] [DEBUG] cheese - admin
[2022-10-31T12:51:28.311] [DEBUG] cheese - null
[2022-10-31T12:51:28.311] [DEBUG] cheese - null
[2022-10-31T12:51:33.127] [DEBUG] cheese - login => username:admin,password:123456
[2022-10-31T12:51:33.127] [DEBUG] cheese - admin
[2022-10-31T12:51:33.130] [DEBUG] cheese - null
[2022-10-31T12:51:33.130] [DEBUG] cheese - null
[2022-10-31T12:51:58.686] [DEBUG] cheese - login => username:admin,password:123456
[2022-10-31T12:51:58.686] [DEBUG] cheese - admin
[2022-10-31T12:51:58.688] [DEBUG] cheese - null
[2022-10-31T12:51:58.688] [DEBUG] cheese - null
[2022-10-31T12:52:23.485] [DEBUG] cheese - login => username:admin,password:123456
[2022-10-31T12:52:23.485] [DEBUG] cheese - admin
[2022-10-31T12:52:23.487] [DEBUG] cheese - null
[2022-10-31T12:52:23.487] [DEBUG] cheese - null
[2022-10-31T12:52:46.181] [DEBUG] cheese - login => username:admin,password:123456
[2022-10-31T12:52:46.181] [DEBUG] cheese - admin
[2022-10-31T12:52:46.183] [DEBUG] cheese - null
[2022-10-31T12:52:46.183] [DEBUG] cheese - null
[2022-10-31T13:04:15.931] [DEBUG] cheese - login => username:admin,password:123456
[2022-10-31T13:04:15.931] [DEBUG] cheese - admin
[2022-10-31T13:04:15.933] [DEBUG] cheese - null
[2022-10-31T13:04:15.933] [DEBUG] cheese - null
[2022-10-31T13:08:07.635] [DEBUG] cheese - login => username:admin,password:123456
[2022-10-31T13:08:07.635] [DEBUG] cheese - admin
[2022-10-31T13:08:07.637] [DEBUG] cheese - null
[2022-10-31T13:08:07.637] [DEBUG] cheese - null
[2022-10-31T13:11:01.429] [DEBUG] cheese - login => username:admin,password:123456
[2022-10-31T13:11:01.429] [DEBUG] cheese - admin
[2022-10-31T13:11:01.431] [DEBUG] cheese - null
[2022-10-31T13:11:01.431] [DEBUG] cheese - null
[2022-10-31T13:12:21.159] [DEBUG] cheese - login => username:admin,password:123456
[2022-10-31T13:12:21.159] [DEBUG] cheese - admin
[2022-10-31T13:12:21.161] [DEBUG] cheese - null
[2022-10-31T13:12:21.161] [DEBUG] cheese - null
[2022-10-31T13:13:16.801] [DEBUG] cheese - login => username:admin,password:123456
[2022-10-31T13:13:16.801] [DEBUG] cheese - admin
[2022-10-31T13:13:16.803] [DEBUG] cheese - null
[2022-10-31T13:13:16.803] [DEBUG] cheese - null
[2022-10-31T13:13:52.255] [DEBUG] cheese - login => username:admin,password:123456
[2022-10-31T13:13:52.255] [DEBUG] cheese - admin
[2022-10-31T13:13:52.257] [DEBUG] cheese - null
[2022-10-31T13:13:52.257] [DEBUG] cheese - null
[2022-10-31T13:15:10.174] [DEBUG] cheese - login => username:admin,password:123456
[2022-10-31T13:15:10.174] [DEBUG] cheese - admin
[2022-10-31T13:15:10.177] [DEBUG] cheese - null
[2022-10-31T13:15:10.177] [DEBUG] cheese - null
[2022-10-31T13:26:00.574] [DEBUG] cheese - login => username:admin,password:123456
[2022-10-31T13:26:00.574] [DEBUG] cheese - admin
[2022-10-31T13:26:00.576] [DEBUG] cheese - null
[2022-10-31T13:26:00.577] [DEBUG] cheese - null
[2022-10-31T13:32:36.446] [DEBUG] cheese - login => username:admin,password:123456
[2022-10-31T13:32:36.446] [DEBUG] cheese - admin
[2022-10-31T13:32:36.448] [DEBUG] cheese - null
[2022-10-31T13:32:36.449] [DEBUG] cheese - null
[2022-10-31T13:32:55.901] [DEBUG] cheese - login => username:admin,password:123456
[2022-10-31T13:32:55.901] [DEBUG] cheese - admin
[2022-10-31T13:32:55.903] [DEBUG] cheese - null
[2022-10-31T13:32:55.903] [DEBUG] cheese - null
[2022-10-31T13:36:17.369] [DEBUG] cheese - login => username:admin,password:123456
[2022-10-31T13:36:17.369] [DEBUG] cheese - admin
[2022-10-31T13:36:17.371] [DEBUG] cheese - null
[2022-10-31T13:36:17.371] [DEBUG] cheese - null
[2022-10-31T13:38:24.214] [DEBUG] cheese - login => username:admin,password:123456
[2022-10-31T13:38:24.214] [DEBUG] cheese - admin
[2022-10-31T13:38:24.216] [DEBUG] cheese - null
[2022-10-31T13:38:24.216] [DEBUG] cheese - null
[2022-10-31T13:39:12.296] [DEBUG] cheese - login => username:admin,password:123456
[2022-10-31T13:39:12.296] [DEBUG] cheese - admin
[2022-10-31T13:39:12.299] [DEBUG] cheese - null
[2022-10-31T13:39:12.299] [DEBUG] cheese - null
[2022-10-31T13:40:15.811] [DEBUG] cheese - login => username:admin,password:123456
[2022-10-31T13:40:15.811] [DEBUG] cheese - admin
[2022-10-31T13:40:15.813] [DEBUG] cheese - null
[2022-10-31T13:40:15.813] [DEBUG] cheese - null
[2022-10-31T13:46:34.892] [DEBUG] cheese - login => username:admin,password:123456
[2022-10-31T13:46:34.892] [DEBUG] cheese - admin
[2022-10-31T13:46:34.894] [DEBUG] cheese - null
[2022-10-31T13:46:34.894] [DEBUG] cheese - null
[2022-10-31T13:52:54.177] [DEBUG] cheese - login => username:admin,password:123456
[2022-10-31T13:52:54.177] [DEBUG] cheese - admin
[2022-10-31T13:52:54.180] [DEBUG] cheese - null
[2022-10-31T13:52:54.180] [DEBUG] cheese - null
[2022-10-31T14:09:06.023] [DEBUG] cheese - login => username:admin,password:123456
[2022-10-31T14:09:06.024] [DEBUG] cheese - admin
[2022-10-31T14:09:06.027] [DEBUG] cheese - null
[2022-10-31T14:09:06.027] [DEBUG] cheese - null
[2022-10-31T14:11:38.155] [DEBUG] cheese - login => username:adm,password:123456
[2022-10-31T14:11:38.156] [DEBUG] cheese - adm
[2022-10-31T14:11:38.157] [DEBUG] cheese - null
[2022-10-31T14:11:38.157] [DEBUG] cheese - null
[2022-10-31T14:11:41.998] [DEBUG] cheese - login => username:admin,password:123456
[2022-10-31T14:11:41.998] [DEBUG] cheese - admin
[2022-10-31T14:11:42.001] [DEBUG] cheese - null
[2022-10-31T14:11:42.001] [DEBUG] cheese - null
[2022-10-31T14:12:22.703] [DEBUG] cheese - login => username:admin,password:123456
[2022-10-31T14:12:22.703] [DEBUG] cheese - admin
[2022-10-31T14:12:22.705] [DEBUG] cheese - null
[2022-10-31T14:12:22.705] [DEBUG] cheese - null
[2022-10-31T14:12:44.756] [DEBUG] cheese - login => username:admin,password:123456
[2022-10-31T14:12:44.757] [DEBUG] cheese - admin
[2022-10-31T14:12:44.759] [DEBUG] cheese - null
[2022-10-31T14:12:44.759] [DEBUG] cheese - null
[2022-10-31T14:14:08.985] [DEBUG] cheese - login => username:admin,password:123456
[2022-10-31T14:14:08.986] [DEBUG] cheese - admin
[2022-10-31T14:14:08.988] [DEBUG] cheese - null
[2022-10-31T14:14:08.988] [DEBUG] cheese - null
[2022-10-31T14:17:32.834] [DEBUG] cheese - login => username:admin,password:123456
[2022-10-31T14:17:32.834] [DEBUG] cheese - admin
[2022-10-31T14:17:32.837] [DEBUG] cheese - null
[2022-10-31T14:17:32.837] [DEBUG] cheese - null
[2022-10-31T14:38:25.981] [DEBUG] cheese - login => username:admin,password:123456
[2022-10-31T14:38:25.981] [DEBUG] cheese - admin
[2022-10-31T14:38:25.984] [DEBUG] cheese - null
[2022-10-31T14:38:25.984] [DEBUG] cheese - null
[2022-10-31T14:38:46.405] [DEBUG] cheese - login => username:admin,password:123456
[2022-10-31T14:38:46.405] [DEBUG] cheese - admin
[2022-10-31T14:38:46.408] [DEBUG] cheese - null
[2022-10-31T14:38:46.408] [DEBUG] cheese - null
[2022-10-31T14:39:02.578] [DEBUG] cheese - login => username:admin,password:123456
[2022-10-31T14:39:02.578] [DEBUG] cheese - admin
[2022-10-31T14:39:02.580] [DEBUG] cheese - null
[2022-10-31T14:39:02.580] [DEBUG] cheese - null
[2022-10-31T14:40:27.546] [DEBUG] cheese - login => username:admin,password:123456
[2022-10-31T14:40:27.546] [DEBUG] cheese - admin
[2022-10-31T14:40:27.548] [DEBUG] cheese - null
[2022-10-31T14:40:27.548] [DEBUG] cheese - null
[2022-10-31T14:41:08.844] [DEBUG] cheese - login => username:admin,password:123456
[2022-10-31T14:41:08.845] [DEBUG] cheese - admin
[2022-10-31T14:41:08.846] [DEBUG] cheese - null
[2022-10-31T14:41:08.847] [DEBUG] cheese - null
[2022-10-31T14:41:13.646] [DEBUG] cheese - login => username:admin,password:123456
[2022-10-31T14:41:13.646] [DEBUG] cheese - admin
[2022-10-31T14:41:13.648] [DEBUG] cheese - null
[2022-10-31T14:41:13.648] [DEBUG] cheese - null
[2022-10-31T14:41:24.531] [DEBUG] cheese - login => username:admin,password:12345ssss
[2022-10-31T14:41:24.531] [DEBUG] cheese - admin
[2022-10-31T14:41:24.533] [DEBUG] cheese - null
[2022-10-31T14:41:24.534] [DEBUG] cheese - null
[2022-10-31T14:41:27.358] [DEBUG] cheese - login => username:admin,password:12345ssssss
[2022-10-31T14:41:27.360] [DEBUG] cheese - admin
[2022-10-31T14:41:27.363] [DEBUG] cheese - null
[2022-10-31T14:41:27.363] [DEBUG] cheese - null
[2022-10-31T14:41:40.003] [DEBUG] cheese - login => username:admin,password:123456
[2022-10-31T14:41:40.003] [DEBUG] cheese - admin
[2022-10-31T14:41:40.007] [DEBUG] cheese - null
[2022-10-31T14:41:40.007] [DEBUG] cheese - null
[2022-10-31T14:41:48.189] [DEBUG] cheese - login => username:admin,password:123456
[2022-10-31T14:41:48.189] [DEBUG] cheese - admin
[2022-10-31T14:41:48.191] [DEBUG] cheese - null
[2022-10-31T14:41:48.191] [DEBUG] cheese - null
[2022-10-31T15:10:09.888] [DEBUG] cheese - login => username:admin,password:123456
[2022-10-31T15:10:09.888] [DEBUG] cheese - admin
[2022-10-31T15:10:09.891] [DEBUG] cheese - null
[2022-10-31T15:10:09.891] [DEBUG] cheese - null
[2022-10-31T15:10:39.854] [DEBUG] cheese - login => username:admin,password:123456
[2022-10-31T15:10:39.854] [DEBUG] cheese - admin
[2022-10-31T15:10:39.856] [DEBUG] cheese - null
[2022-10-31T15:10:39.856] [DEBUG] cheese - null
[2022-10-31T15:16:14.373] [DEBUG] cheese - login => username:admin,password:123456
[2022-10-31T15:16:14.373] [DEBUG] cheese - admin
[2022-10-31T15:16:14.375] [DEBUG] cheese - null
[2022-10-31T15:16:14.375] [DEBUG] cheese - null
[2022-10-31T15:57:06.048] [DEBUG] cheese - login => username:admin,password:123456
[2022-10-31T15:57:06.048] [DEBUG] cheese - admin
[2022-10-31T15:57:06.052] [DEBUG] cheese - null
[2022-10-31T15:57:06.052] [DEBUG] cheese - null
[2022-10-31T15:58:55.263] [DEBUG] cheese - login => username:admin,password:123456
[2022-10-31T15:58:55.263] [DEBUG] cheese - admin
[2022-10-31T15:58:55.266] [DEBUG] cheese - null
[2022-10-31T15:58:55.266] [DEBUG] cheese - null
[2022-10-31T16:18:15.397] [DEBUG] cheese - login => username:admin,password:123456
[2022-10-31T16:18:15.397] [DEBUG] cheese - admin
[2022-10-31T16:18:15.399] [DEBUG] cheese - null
[2022-10-31T16:18:15.399] [DEBUG] cheese - null
[2022-10-31T16:18:20.907] [DEBUG] cheese - login => username:admin,password:123456
[2022-10-31T16:18:20.907] [DEBUG] cheese - admin
[2022-10-31T16:18:20.910] [DEBUG] cheese - null
[2022-10-31T16:18:20.910] [DEBUG] cheese - null
[2022-10-31T16:18:24.577] [DEBUG] cheese - login => username:admin,password:123456
[2022-10-31T16:18:24.577] [DEBUG] cheese - admin
[2022-10-31T16:18:24.579] [DEBUG] cheese - null
[2022-10-31T16:18:24.579] [DEBUG] cheese - null
[2022-10-31T16:19:39.081] [DEBUG] cheese - login => username:admin,password:123456
[2022-10-31T16:19:39.081] [DEBUG] cheese - admin
[2022-10-31T16:19:39.084] [DEBUG] cheese - null
[2022-10-31T16:19:39.084] [DEBUG] cheese - null
[2022-10-31T16:23:36.527] [DEBUG] cheese - login => username:admin,password:123456
[2022-10-31T16:23:36.527] [DEBUG] cheese - admin
[2022-10-31T16:23:36.529] [DEBUG] cheese - null
[2022-10-31T16:23:36.529] [DEBUG] cheese - null
[2022-10-31T16:25:29.906] [DEBUG] cheese - login => username:admin,password:123456
[2022-10-31T16:25:29.906] [DEBUG] cheese - admin
[2022-10-31T16:25:29.908] [DEBUG] cheese - null
[2022-10-31T16:25:29.908] [DEBUG] cheese - null
[2022-10-31T16:29:22.859] [DEBUG] cheese - login => username:admin,password:123456
[2022-10-31T16:29:22.859] [DEBUG] cheese - admin
[2022-10-31T16:29:22.861] [DEBUG] cheese - null
[2022-10-31T16:29:22.862] [DEBUG] cheese - null
[2022-10-31T16:29:28.629] [DEBUG] cheese - login => username:admin,password:123456
[2022-10-31T16:29:28.629] [DEBUG] cheese - admin
[2022-10-31T16:29:28.631] [DEBUG] cheese - null
[2022-10-31T16:29:28.631] [DEBUG] cheese - null
[2022-10-31T16:29:41.595] [DEBUG] cheese - login => username:admin,password:123456
[2022-10-31T16:29:41.595] [DEBUG] cheese - admin
[2022-10-31T16:29:41.597] [DEBUG] cheese - null
[2022-10-31T16:29:41.597] [DEBUG] cheese - null
[2022-10-31T17:32:25.787] [DEBUG] cheese - login => username:admin,password:123456
[2022-10-31T17:32:25.787] [DEBUG] cheese - admin
[2022-10-31T17:32:25.789] [DEBUG] cheese - null
[2022-10-31T17:32:25.789] [DEBUG] cheese - null
[2022-10-31T17:52:13.364] [DEBUG] cheese - login => username:admin,password:123456
[2022-10-31T17:52:13.364] [DEBUG] cheese - admin
[2022-10-31T17:52:13.367] [DEBUG] cheese - null
[2022-10-31T17:52:13.367] [DEBUG] cheese - null
[2022-10-31T18:13:39.714] [DEBUG] cheese - login => username:admin,password:123456
[2022-10-31T18:13:39.714] [DEBUG] cheese - admin
[2022-10-31T18:13:39.716] [DEBUG] cheese - null
[2022-10-31T18:13:39.716] [DEBUG] cheese - null
[2022-10-31T19:23:46.172] [DEBUG] cheese - login => username:admin,password:123456
[2022-10-31T19:23:46.173] [DEBUG] cheese - admin
[2022-10-31T19:23:46.183] [DEBUG] cheese - null
[2022-10-31T19:23:46.183] [DEBUG] cheese - null
[2022-11-01T09:45:17.204] [DEBUG] cheese - login => username:admin,password:123456
[2022-11-01T09:45:17.205] [DEBUG] cheese - admin
[2022-11-01T09:45:17.208] [DEBUG] cheese - null
[2022-11-01T09:45:17.208] [DEBUG] cheese - null
[2022-11-01T10:00:59.490] [DEBUG] cheese - login => username:admin,password:123456
[2022-11-01T10:00:59.491] [DEBUG] cheese - admin
[2022-11-01T10:00:59.493] [DEBUG] cheese - null
[2022-11-01T10:00:59.494] [DEBUG] cheese - null
[2022-11-01T10:03:10.323] [DEBUG] cheese - login => username:admin,password:123456
[2022-11-01T10:03:10.323] [DEBUG] cheese - admin
[2022-11-01T10:03:10.326] [DEBUG] cheese - null
[2022-11-01T10:03:10.326] [DEBUG] cheese - null
[2022-11-01T10:03:58.252] [DEBUG] cheese - login => username:admin,password:123456
[2022-11-01T10:03:58.252] [DEBUG] cheese - admin
[2022-11-01T10:03:58.255] [DEBUG] cheese - null
[2022-11-01T10:03:58.255] [DEBUG] cheese - null
[2022-11-01T10:20:26.450] [DEBUG] cheese - login => username:admin,password:123456
[2022-11-01T10:20:26.450] [DEBUG] cheese - admin
[2022-11-01T10:20:26.452] [DEBUG] cheese - null
[2022-11-01T10:20:26.453] [DEBUG] cheese - null
[2022-11-01T10:28:08.976] [DEBUG] cheese - login => username:admin,password:123456
[2022-11-01T10:28:08.977] [DEBUG] cheese - admin
[2022-11-01T10:28:08.979] [DEBUG] cheese - null
[2022-11-01T10:28:08.979] [DEBUG] cheese - null
[2022-11-01T10:35:03.699] [DEBUG] cheese - login => username:admin,password:123456
[2022-11-01T10:35:03.699] [DEBUG] cheese - admin
[2022-11-01T10:35:03.702] [DEBUG] cheese - null
[2022-11-01T10:35:03.702] [DEBUG] cheese - null
[2022-11-01T12:23:20.136] [DEBUG] cheese - login => username:admin,password:123456
[2022-11-01T12:23:20.137] [DEBUG] cheese - admin
[2022-11-01T12:23:20.143] [DEBUG] cheese - null
[2022-11-01T12:23:20.143] [DEBUG] cheese - null
[2022-11-01T12:30:21.257] [DEBUG] cheese - login => username:admin,password:123456
[2022-11-01T12:30:21.257] [DEBUG] cheese - admin
[2022-11-01T12:30:21.259] [DEBUG] cheese - null
[2022-11-01T12:30:21.260] [DEBUG] cheese - null
[2022-11-01T12:35:30.815] [DEBUG] cheese - login => username:admin,password:123456
[2022-11-01T12:35:30.815] [DEBUG] cheese - admin
[2022-11-01T12:35:30.818] [DEBUG] cheese - null
[2022-11-01T12:35:30.818] [DEBUG] cheese - null
[2022-11-01T12:53:59.047] [DEBUG] cheese - login => username:admin,password:123456
[2022-11-01T12:53:59.047] [DEBUG] cheese - admin
[2022-11-01T12:53:59.049] [DEBUG] cheese - null
[2022-11-01T12:53:59.049] [DEBUG] cheese - null
[2022-11-01T13:15:17.092] [DEBUG] cheese - login => username:admin,password:123456
[2022-11-01T13:15:17.092] [DEBUG] cheese - admin
[2022-11-01T13:15:17.095] [DEBUG] cheese - null
[2022-11-01T13:15:17.095] [DEBUG] cheese - null
[2022-11-01T13:20:17.734] [DEBUG] cheese - login => username:admin,password:123456
[2022-11-01T13:20:17.734] [DEBUG] cheese - admin
[2022-11-01T13:20:17.736] [DEBUG] cheese - null
[2022-11-01T13:20:17.736] [DEBUG] cheese - null
[2022-11-01T13:25:13.668] [DEBUG] cheese - login => username:admin,password:123456
[2022-11-01T13:25:13.668] [DEBUG] cheese - admin
[2022-11-01T13:25:13.669] [DEBUG] cheese - null
[2022-11-01T13:25:13.669] [DEBUG] cheese - null
[2022-11-01T13:31:40.636] [DEBUG] cheese - login => username:admin,password:123456
[2022-11-01T13:31:40.636] [DEBUG] cheese - admin
[2022-11-01T13:31:40.638] [DEBUG] cheese - null
[2022-11-01T13:31:40.638] [DEBUG] cheese - null
[2022-11-02T13:34:38.618] [DEBUG] cheese - login => username:admin,password:123456
[2022-11-02T13:34:38.618] [DEBUG] cheese - admin
[2022-11-02T13:34:38.622] [DEBUG] cheese - null
[2022-11-02T13:34:38.622] [DEBUG] cheese - null
[2022-11-02T15:01:20.936] [DEBUG] cheese - login => username:admin,password:123456
[2022-11-02T15:01:20.937] [DEBUG] cheese - admin
[2022-11-02T15:01:20.939] [DEBUG] cheese - null
[2022-11-02T15:01:20.939] [DEBUG] cheese - null
[2022-11-02T15:02:46.123] [DEBUG] cheese - login => username:admin,password:123456
[2022-11-02T15:02:46.123] [DEBUG] cheese - admin
[2022-11-02T15:02:46.130] [DEBUG] cheese - null
[2022-11-02T15:02:46.131] [DEBUG] cheese - null
[2022-11-02T19:00:22.655] [DEBUG] cheese - login => username:admin,password:123456
[2022-11-02T19:00:22.657] [DEBUG] cheese - admin
[2022-11-02T19:00:22.765] [DEBUG] cheese - null
[2022-11-02T19:00:22.766] [DEBUG] cheese - null
[2022-11-02T19:01:58.347] [DEBUG] cheese - login => username:admin,password:123456
[2022-11-02T19:01:58.347] [DEBUG] cheese - admin
[2022-11-02T19:01:58.357] [DEBUG] cheese - null
[2022-11-02T19:01:58.358] [DEBUG] cheese - null
